app/build/intermediates/manifest_merge_blame_file/debug/manifest-merger-blame-debug-report.txt
1<?xml version="1.0" encoding="utf-8"?>
2<manifest xmlns:android="http://schemas.android.com/apk/res/android"
3    package="com.kelvinwachiye.kotlin.movies"
4    android:versionCode="1"
5    android:versionName="1.0" >
6
7    <uses-sdk
8        android:minSdkVersion="21"
8-->src\main\AndroidManifest.xml
9        android:targetSdkVersion="30" />
9-->src\main\AndroidManifest.xml
10
11    <uses-permission android:name="android.permission.INTERNET" />
11-->src\main\AndroidManifest.xml:4:5-67
11-->src\main\AndroidManifest.xml:4:22-64
12    <uses-permission android:name="android.permission.ACCESS_NETWORK_STATE" />
12-->src\main\AndroidManifest.xml:5:5-78
12-->src\main\AndroidManifest.xml:5:22-76
13    <uses-permission android:name="android.permission.WAKE_LOCK" />
13-->[androidx.work:work-runtime:2.0.0] AndroidManifest.xml:23:5-68
13-->[androidx.work:work-runtime:2.0.0] AndroidManifest.xml:23:22-65
14    <uses-permission android:name="android.permission.RECEIVE_BOOT_COMPLETED" />
14-->[androidx.work:work-runtime:2.0.0] AndroidManifest.xml:25:5-81
14-->[androidx.work:work-runtime:2.0.0] AndroidManifest.xml:25:22-78
15    <uses-permission android:name="android.permission.WRITE_EXTERNAL_STORAGE" />
16    <uses-permission android:name="android.permission.READ_PHONE_STATE" />
17    <uses-permission android:name="android.permission.READ_EXTERNAL_STORAGE" />
18
19    <application
19-->src\main\AndroidManifest.xml:7:5-24:19
20        android:name="com.kelvinwachiye.kotlin.moviedb.MovieApplication"
20-->src\main\AndroidManifest.xml:8:9-73
21        android:allowBackup="true"
21-->src\main\AndroidManifest.xml:9:9-35
22        android:appComponentFactory="androidx.core.app.CoreComponentFactory"
22-->[androidx.core:core:1.3.2] AndroidManifest.xml:24:18-86
23        android:debuggable="true"
24        android:icon="@mipmap/ic_launcher"
24-->src\main\AndroidManifest.xml:10:9-43
25        android:label="@string/app_name"
25-->src\main\AndroidManifest.xml:11:9-41
26        android:roundIcon="@mipmap/ic_launcher_round"
26-->src\main\AndroidManifest.xml:12:9-54
27        android:supportsRtl="true"
27-->src\main\AndroidManifest.xml:13:9-35
28        android:theme="@style/AppTheme" >
28-->src\main\AndroidManifest.xml:14:9-40
29        <activity
29-->src\main\AndroidManifest.xml:15:9-23:20
30            android:name="com.kelvinwachiye.kotlin.moviedb.MainActivity"
30-->src\main\AndroidManifest.xml:16:13-73
31            android:label="@string/app_name" >
31-->src\main\AndroidManifest.xml:17:13-45
32            <intent-filter>
32-->src\main\AndroidManifest.xml:18:13-22:29
33                <action android:name="android.intent.action.MAIN" />
33-->src\main\AndroidManifest.xml:19:17-69
33-->src\main\AndroidManifest.xml:19:25-66
34
35                <category android:name="android.intent.category.LAUNCHER" />
35-->src\main\AndroidManifest.xml:21:17-77
35-->src\main\AndroidManifest.xml:21:27-74
36            </intent-filter>
37        </activity>
38
39        <provider
39-->[com.squareup.picasso:picasso:2.71828] AndroidManifest.xml:8:9-11:40
40            android:name="com.squareup.picasso.PicassoProvider"
40-->[com.squareup.picasso:picasso:2.71828] AndroidManifest.xml:9:13-64
41            android:authorities="com.kelvinwachiye.kotlin.movies.com.squareup.picasso"
41-->[com.squareup.picasso:picasso:2.71828] AndroidManifest.xml:10:13-72
42            android:exported="false" />
42-->[com.squareup.picasso:picasso:2.71828] AndroidManifest.xml:11:13-37
43        <provider
43-->[androidx.work:work-runtime:2.0.0] AndroidManifest.xml:28:9-34:35
44            android:name="androidx.work.impl.WorkManagerInitializer"
44-->[androidx.work:work-runtime:2.0.0] AndroidManifest.xml:29:13-69
45            android:authorities="com.kelvinwachiye.kotlin.movies.workmanager-init"
45-->[androidx.work:work-runtime:2.0.0] AndroidManifest.xml:30:13-68
46            android:directBootAware="false"
46-->[androidx.work:work-runtime:2.0.0] AndroidManifest.xml:31:13-44
47            android:exported="false"
47-->[androidx.work:work-runtime:2.0.0] AndroidManifest.xml:32:13-37
48            android:multiprocess="true" />
48-->[androidx.work:work-runtime:2.0.0] AndroidManifest.xml:33:13-40
49
50        <service
50-->[androidx.work:work-runtime:2.0.0] AndroidManifest.xml:36:9-41:35
51            android:name="androidx.work.impl.background.systemalarm.SystemAlarmService"
51-->[androidx.work:work-runtime:2.0.0] AndroidManifest.xml:37:13-88
52            android:directBootAware="false"
52-->[androidx.work:work-runtime:2.0.0] AndroidManifest.xml:38:13-44
53            android:enabled="@bool/enable_system_alarm_service_default"
53-->[androidx.work:work-runtime:2.0.0] AndroidManifest.xml:39:13-72
54            android:exported="false" />
54-->[androidx.work:work-runtime:2.0.0] AndroidManifest.xml:40:13-37
55        <service
55-->[androidx.work:work-runtime:2.0.0] AndroidManifest.xml:42:9-48:35
56            android:name="androidx.work.impl.background.systemjob.SystemJobService"
56-->[androidx.work:work-runtime:2.0.0] AndroidManifest.xml:43:13-84
57            android:directBootAware="false"
57-->[androidx.work:work-runtime:2.0.0] AndroidManifest.xml:44:13-44
58            android:enabled="@bool/enable_system_job_service_default"
58-->[androidx.work:work-runtime:2.0.0] AndroidManifest.xml:45:13-70
59            android:exported="true"
59-->[androidx.work:work-runtime:2.0.0] AndroidManifest.xml:46:13-36
60            android:permission="android.permission.BIND_JOB_SERVICE" />
60-->[androidx.work:work-runtime:2.0.0] AndroidManifest.xml:47:13-69
61
62        <receiver
62-->[androidx.work:work-runtime:2.0.0] AndroidManifest.xml:50:9-55:35
63            android:name="androidx.work.impl.utils.ForceStopRunnable$BroadcastReceiver"
63-->[androidx.work:work-runtime:2.0.0] AndroidManifest.xml:51:13-88
64            android:directBootAware="false"
64-->[androidx.work:work-runtime:2.0.0] AndroidManifest.xml:52:13-44
65            android:enabled="true"
65-->[androidx.work:work-runtime:2.0.0] AndroidManifest.xml:53:13-35
66            android:exported="false" />
66-->[androidx.work:work-runtime:2.0.0] AndroidManifest.xml:54:13-37
67        <receiver
67-->[androidx.work:work-runtime:2.0.0] AndroidManifest.xml:56:9-66:20
68            android:name="androidx.work.impl.background.systemalarm.ConstraintProxy$BatteryChargingProxy"
68-->[androidx.work:work-runtime:2.0.0] AndroidManifest.xml:57:13-106
69            android:directBootAware="false"
69-->[androidx.work:work-runtime:2.0.0] AndroidManifest.xml:58:13-44
70            android:enabled="false"
70-->[androidx.work:work-runtime:2.0.0] AndroidManifest.xml:59:13-36
71            android:exported="false" >
71-->[androidx.work:work-runtime:2.0.0] AndroidManifest.xml:60:13-37
72            <intent-filter>
72-->[androidx.work:work-runtime:2.0.0] AndroidManifest.xml:62:13-65:29
73                <action android:name="android.intent.action.ACTION_POWER_CONNECTED" />
73-->[androidx.work:work-runtime:2.0.0] AndroidManifest.xml:63:17-87
73-->[androidx.work:work-runtime:2.0.0] AndroidManifest.xml:63:25-84
74                <action android:name="android.intent.action.ACTION_POWER_DISCONNECTED" />
74-->[androidx.work:work-runtime:2.0.0] AndroidManifest.xml:64:17-90
74-->[androidx.work:work-runtime:2.0.0] AndroidManifest.xml:64:25-87
75            </intent-filter>
76        </receiver>
77        <receiver
77-->[androidx.work:work-runtime:2.0.0] AndroidManifest.xml:67:9-77:20
78            android:name="androidx.work.impl.background.systemalarm.ConstraintProxy$BatteryNotLowProxy"
78-->[androidx.work:work-runtime:2.0.0] AndroidManifest.xml:68:13-104
79            android:directBootAware="false"
79-->[androidx.work:work-runtime:2.0.0] AndroidManifest.xml:69:13-44
80            android:enabled="false"
80-->[androidx.work:work-runtime:2.0.0] AndroidManifest.xml:70:13-36
81            android:exported="false" >
81-->[androidx.work:work-runtime:2.0.0] AndroidManifest.xml:71:13-37
82            <intent-filter>
82-->[androidx.work:work-runtime:2.0.0] AndroidManifest.xml:73:13-76:29
83                <action android:name="android.intent.action.BATTERY_OKAY" />
83-->[androidx.work:work-runtime:2.0.0] AndroidManifest.xml:74:17-77
83-->[androidx.work:work-runtime:2.0.0] AndroidManifest.xml:74:25-74
84                <action android:name="android.intent.action.BATTERY_LOW" />
84-->[androidx.work:work-runtime:2.0.0] AndroidManifest.xml:75:17-76
84-->[androidx.work:work-runtime:2.0.0] AndroidManifest.xml:75:25-73
85            </intent-filter>
86        </receiver>
87        <receiver
87-->[androidx.work:work-runtime:2.0.0] AndroidManifest.xml:78:9-88:20
88            android:name="androidx.work.impl.background.systemalarm.ConstraintProxy$StorageNotLowProxy"
88-->[androidx.work:work-runtime:2.0.0] AndroidManifest.xml:79:13-104
89            android:directBootAware="false"
89-->[androidx.work:work-runtime:2.0.0] AndroidManifest.xml:80:13-44
90            android:enabled="false"
90-->[androidx.work:work-runtime:2.0.0] AndroidManifest.xml:81:13-36
91            android:exported="false" >
91-->[androidx.work:work-runtime:2.0.0] AndroidManifest.xml:82:13-37
92            <intent-filter>
92-->[androidx.work:work-runtime:2.0.0] AndroidManifest.xml:84:13-87:29
93                <action android:name="android.intent.action.DEVICE_STORAGE_LOW" />
93-->[androidx.work:work-runtime:2.0.0] AndroidManifest.xml:85:17-83
93-->[androidx.work:work-runtime:2.0.0] AndroidManifest.xml:85:25-80
94                <action android:name="android.intent.action.DEVICE_STORAGE_OK" />
94-->[androidx.work:work-runtime:2.0.0] AndroidManifest.xml:86:17-82
94-->[androidx.work:work-runtime:2.0.0] AndroidManifest.xml:86:25-79
95            </intent-filter>
96        </receiver>
97        <receiver
97-->[androidx.work:work-runtime:2.0.0] AndroidManifest.xml:89:9-98:20
98            android:name="androidx.work.impl.background.systemalarm.ConstraintProxy$NetworkStateProxy"
98-->[androidx.work:work-runtime:2.0.0] AndroidManifest.xml:90:13-103
99            android:directBootAware="false"
99-->[androidx.work:work-runtime:2.0.0] AndroidManifest.xml:91:13-44
100            android:enabled="false"
100-->[androidx.work:work-runtime:2.0.0] AndroidManifest.xml:92:13-36
101            android:exported="false" >
101-->[androidx.work:work-runtime:2.0.0] AndroidManifest.xml:93:13-37
102            <intent-filter>
102-->[androidx.work:work-runtime:2.0.0] AndroidManifest.xml:95:13-97:29
103                <action android:name="android.net.conn.CONNECTIVITY_CHANGE" />
103-->[androidx.work:work-runtime:2.0.0] AndroidManifest.xml:96:17-79
103-->[androidx.work:work-runtime:2.0.0] AndroidManifest.xml:96:25-76
104            </intent-filter>
105        </receiver>
106        <receiver
106-->[androidx.work:work-runtime:2.0.0] AndroidManifest.xml:99:9-110:20
107            android:name="androidx.work.impl.background.systemalarm.RescheduleReceiver"
107-->[androidx.work:work-runtime:2.0.0] AndroidManifest.xml:100:13-88
108            android:directBootAware="false"
108-->[androidx.work:work-runtime:2.0.0] AndroidManifest.xml:101:13-44
109            android:enabled="false"
109-->[androidx.work:work-runtime:2.0.0] AndroidManifest.xml:102:13-36
110            android:exported="false" >
110-->[androidx.work:work-runtime:2.0.0] AndroidManifest.xml:103:13-37
111            <intent-filter>
111-->[androidx.work:work-runtime:2.0.0] AndroidManifest.xml:105:13-109:29
112                <action android:name="android.intent.action.BOOT_COMPLETED" />
112-->[androidx.work:work-runtime:2.0.0] AndroidManifest.xml:106:17-79
112-->[androidx.work:work-runtime:2.0.0] AndroidManifest.xml:106:25-76
113                <action android:name="android.intent.action.TIME_SET" />
113-->[androidx.work:work-runtime:2.0.0] AndroidManifest.xml:107:17-73
113-->[androidx.work:work-runtime:2.0.0] AndroidManifest.xml:107:25-70
114                <action android:name="android.intent.action.TIMEZONE_CHANGED" />
114-->[androidx.work:work-runtime:2.0.0] AndroidManifest.xml:108:17-81
114-->[androidx.work:work-runtime:2.0.0] AndroidManifest.xml:108:25-78
115            </intent-filter>
116        </receiver>
117        <receiver
117-->[androidx.work:work-runtime:2.0.0] AndroidManifest.xml:111:9-120:20
118            android:name="androidx.work.impl.background.systemalarm.ConstraintProxyUpdateReceiver"
118-->[androidx.work:work-runtime:2.0.0] AndroidManifest.xml:112:13-99
119            android:directBootAware="false"
119-->[androidx.work:work-runtime:2.0.0] AndroidManifest.xml:113:13-44
120            android:enabled="@bool/enable_system_alarm_service_default"
120-->[androidx.work:work-runtime:2.0.0] AndroidManifest.xml:114:13-72
121            android:exported="false" >
121-->[androidx.work:work-runtime:2.0.0] AndroidManifest.xml:115:13-37
122            <intent-filter>
122-->[androidx.work:work-runtime:2.0.0] AndroidManifest.xml:117:13-119:29
123                <action android:name="androidx.work.impl.background.systemalarm.UpdateProxies" />
123-->[androidx.work:work-runtime:2.0.0] AndroidManifest.xml:118:17-98
123-->[androidx.work:work-runtime:2.0.0] AndroidManifest.xml:118:25-95
124            </intent-filter>
125        </receiver>
126
127        <service
127-->[androidx.room:room-runtime:2.2.5] AndroidManifest.xml:25:9-28:40
128            android:name="androidx.room.MultiInstanceInvalidationService"
128-->[androidx.room:room-runtime:2.2.5] AndroidManifest.xml:26:13-74
129            android:directBootAware="true"
129-->[androidx.room:room-runtime:2.2.5] AndroidManifest.xml:27:13-43
130            android:exported="false" />
130-->[androidx.room:room-runtime:2.2.5] AndroidManifest.xml:28:13-37
131
132        <provider
132-->[androidx.lifecycle:lifecycle-process:2.2.0] AndroidManifest.xml:25:9-29:43
133            android:name="androidx.lifecycle.ProcessLifecycleOwnerInitializer"
133-->[androidx.lifecycle:lifecycle-process:2.2.0] AndroidManifest.xml:26:13-79
134            android:authorities="com.kelvinwachiye.kotlin.movies.lifecycle-process"
134-->[androidx.lifecycle:lifecycle-process:2.2.0] AndroidManifest.xml:27:13-69
135            android:exported="false"
135-->[androidx.lifecycle:lifecycle-process:2.2.0] AndroidManifest.xml:28:13-37
136            android:multiprocess="true" />
136-->[androidx.lifecycle:lifecycle-process:2.2.0] AndroidManifest.xml:29:13-40
137    </application>
138
139</manifest>